app/build/outputs/logs/manifest-merger-debug-report.txt
-- Merging decision tree log ---
manifest
ADDED from src/main/AndroidManifest.xml:2:1-259:12
	package
		ADDED from src/main/AndroidManifest.xml:4:2-55
		INJECTED from src/main/AndroidManifest.xml
		INJECTED from src/main/AndroidManifest.xml
	android:versionName
		ADDED from src/main/AndroidManifest.xml:7:2-27
		INJECTED from src/main/AndroidManifest.xml
		INJECTED from src/main/AndroidManifest.xml
	xmlns:tools
		ADDED from src/main/AndroidManifest.xml:3:2-48
	android:versionCode
		ADDED from src/main/AndroidManifest.xml:6:2-26
		INJECTED from src/main/AndroidManifest.xml
		INJECTED from src/main/AndroidManifest.xml
	xmlns:android
		ADDED from src/main/AndroidManifest.xml:2:11-69
	android:installLocation
		ADDED from src/main/AndroidManifest.xml:5:2-40
uses-sdk
ADDED from src/main/AndroidManifest.xml:9:2-12:33
MERGED from [com.android.support:multidex:1.0.1] AndroidManifest.xml:18:5-42
MERGED from [com.android.support:support-v13:26.0.0-alpha1] AndroidManifest.xml:21:5-23:55
MERGED from [com.android.support:support-v4:26.0.0-alpha1] AndroidManifest.xml:21:5-23:54
MERGED from [com.android.support:support-compat:26.0.0-alpha1] AndroidManifest.xml:21:5-23:58
MERGED from [com.android.support:support-media-compat:26.0.0-alpha1] AndroidManifest.xml:21:5-23:63
MERGED from [com.android.support:support-core-utils:26.0.0-alpha1] AndroidManifest.xml:21:5-23:61
MERGED from [com.android.support:support-core-ui:26.0.0-alpha1] AndroidManifest.xml:21:5-23:58
MERGED from [com.android.support:support-fragment:26.0.0-alpha1] AndroidManifest.xml:21:5-23:60
	tools:overrideLibrary
		ADDED from [com.android.support:support-v13:26.0.0-alpha1] AndroidManifest.xml:23:9-52
	android:targetSdkVersion
		ADDED from src/main/AndroidManifest.xml:11:3-32
		INJECTED from src/main/AndroidManifest.xml
		INJECTED from src/main/AndroidManifest.xml
	tools:ignore
		ADDED from src/main/AndroidManifest.xml:12:3-30
	android:minSdkVersion
		ADDED from src/main/AndroidManifest.xml:10:3-29
		INJECTED from src/main/AndroidManifest.xml
		INJECTED from src/main/AndroidManifest.xml
uses-permission#android.permission.INTERNET
ADDED from src/main/AndroidManifest.xml:14:2-64
	android:name
		ADDED from src/main/AndroidManifest.xml:14:19-61
uses-permission#android.permission.WRITE_EXTERNAL_STORAGE
ADDED from src/main/AndroidManifest.xml:15:2-78
	android:name
		ADDED from src/main/AndroidManifest.xml:15:19-75
uses-permission#android.permission.READ_EXTERNAL_STORAGE
ADDED from src/main/AndroidManifest.xml:16:2-77
	android:name
		ADDED from src/main/AndroidManifest.xml:16:19-74
uses-permission#android.permission.NFC
ADDED from src/main/AndroidManifest.xml:17:2-59
	android:name
		ADDED from src/main/AndroidManifest.xml:17:19-56
uses-permission#android.permission.CAMERA
ADDED from src/main/AndroidManifest.xml:18:2-62
	android:name
		ADDED from src/main/AndroidManifest.xml:18:19-59
uses-permission#android.permission.VIBRATE
ADDED from src/main/AndroidManifest.xml:19:2-63
	android:name
		ADDED from src/main/AndroidManifest.xml:19:19-60
uses-permission#android.permission.WAKE_LOCK
ADDED from src/main/AndroidManifest.xml:20:2-65
	android:name
		ADDED from src/main/AndroidManifest.xml:20:19-62
uses-permission#android.permission.RECEIVE_BOOT_COMPLETED
ADDED from src/main/AndroidManifest.xml:21:2-78
	android:name
		ADDED from src/main/AndroidManifest.xml:21:19-75
uses-permission#android.permission.BLUETOOTH
ADDED from src/main/AndroidManifest.xml:22:2-65
	android:name
		ADDED from src/main/AndroidManifest.xml:22:19-62
uses-feature#android.hardware.touchscreen
ADDED from src/main/AndroidManifest.xml:24:2-26:30
	android:required
		ADDED from src/main/AndroidManifest.xml:26:3-27
	android:name
		ADDED from src/main/AndroidManifest.xml:25:3-46
uses-feature#android.hardware.nfc
ADDED from src/main/AndroidManifest.xml:27:2-29:30
	android:required
		ADDED from src/main/AndroidManifest.xml:29:3-27
	android:name
		ADDED from src/main/AndroidManifest.xml:28:3-38
uses-feature#android.hardware.camera
ADDED from src/main/AndroidManifest.xml:30:2-32:30
	android:required
		ADDED from src/main/AndroidManifest.xml:32:3-27
	android:name
		ADDED from src/main/AndroidManifest.xml:31:3-41
uses-feature#android.hardware.camera.front
ADDED from src/main/AndroidManifest.xml:33:2-35:30
	android:required
		ADDED from src/main/AndroidManifest.xml:35:3-27
	android:name
		ADDED from src/main/AndroidManifest.xml:34:3-47
uses-feature#android.hardware.camera.autofocus
ADDED from src/main/AndroidManifest.xml:36:2-38:30
	android:required
		ADDED from src/main/AndroidManifest.xml:38:3-27
	android:name
		ADDED from src/main/AndroidManifest.xml:37:3-51
uses-feature#android.hardware.camera.flash
ADDED from src/main/AndroidManifest.xml:39:2-41:30
	android:required
		ADDED from src/main/AndroidManifest.xml:41:3-27
	android:name
		ADDED from src/main/AndroidManifest.xml:40:3-47
uses-feature#android.hardware.screen.landscape
ADDED from src/main/AndroidManifest.xml:42:2-44:30
	android:required
		ADDED from src/main/AndroidManifest.xml:44:3-27
	android:name
		ADDED from src/main/AndroidManifest.xml:43:3-51
uses-feature#android.hardware.bluetooth
ADDED from src/main/AndroidManifest.xml:45:2-47:30
	android:required
		ADDED from src/main/AndroidManifest.xml:47:3-27
	android:name
		ADDED from src/main/AndroidManifest.xml:46:3-44
supports-screens
ADDED from src/main/AndroidManifest.xml:49:2-54:34
	android:largeScreens
		ADDED from src/main/AndroidManifest.xml:51:3-30
	android:smallScreens
		ADDED from src/main/AndroidManifest.xml:53:3-30
	android:normalScreens
		ADDED from src/main/AndroidManifest.xml:52:3-31
	android:xlargeScreens
		ADDED from src/main/AndroidManifest.xml:54:3-31
	android:anyDensity
		ADDED from src/main/AndroidManifest.xml:50:3-28
application
ADDED from src/main/AndroidManifest.xml:56:2-257:16
MERGED from [com.android.support:support-v13:26.0.0-alpha1] AndroidManifest.xml:29:5-20
MERGED from [com.android.support:support-v4:26.0.0-alpha1] AndroidManifest.xml:29:5-20
MERGED from [com.android.support:support-compat:26.0.0-alpha1] AndroidManifest.xml:29:5-20
MERGED from [com.android.support:support-media-compat:26.0.0-alpha1] AndroidManifest.xml:29:5-20
MERGED from [com.android.support:support-core-utils:26.0.0-alpha1] AndroidManifest.xml:29:5-20
MERGED from [com.android.support:support-core-ui:26.0.0-alpha1] AndroidManifest.xml:29:5-20
MERGED from [com.android.support:support-fragment:26.0.0-alpha1] AndroidManifest.xml:29:5-20
	android:label
		ADDED from src/main/AndroidManifest.xml:60:3-35
	android:allowBackup
		ADDED from src/main/AndroidManifest.xml:58:3-30
	android:icon
		ADDED from src/main/AndroidManifest.xml:59:3-36
	android:theme
		ADDED from src/main/AndroidManifest.xml:61:3-34
	android:name
		ADDED from src/main/AndroidManifest.xml:57:3-79
activity#com.matthewmitchell.peercoin_android_wallet.ui.WalletActivity
ADDED from src/main/AndroidManifest.xml:62:3-65:38
	android:launchMode
		ADDED from src/main/AndroidManifest.xml:65:4-35
	android:configChanges
		ADDED from src/main/AndroidManifest.xml:64:4-51
	android:name
		ADDED from src/main/AndroidManifest.xml:63:4-80
activity-alias#com.matthewmitchell.peercoin_android_wallet.WalletActivity
ADDED from src/main/AndroidManifest.xml:67:3-82:20
	android:targetActivity
		ADDED from src/main/AndroidManifest.xml:69:4-90
	android:name
		ADDED from src/main/AndroidManifest.xml:68:4-77
intent-filter#android.intent.action.MAIN+android.intent.category.LAUNCHER
ADDED from src/main/AndroidManifest.xml:70:4-74:20
action#android.intent.action.MAIN
ADDED from src/main/AndroidManifest.xml:71:5-57
	android:name
		ADDED from src/main/AndroidManifest.xml:71:13-54
category#android.intent.category.LAUNCHER
ADDED from src/main/AndroidManifest.xml:73:5-65
	android:name
		ADDED from src/main/AndroidManifest.xml:73:15-62
intent-filter#android.intent.category.DEFAULT+android.nfc.action.NDEF_DISCOVERED
ADDED from src/main/AndroidManifest.xml:75:4-81:20
action#android.nfc.action.NDEF_DISCOVERED
ADDED from src/main/AndroidManifest.xml:76:5-65
	android:name
		ADDED from src/main/AndroidManifest.xml:76:13-62
data
ADDED from src/main/AndroidManifest.xml:78:5-52
	android:mimeType
		ADDED from src/main/AndroidManifest.xml:78:11-49
category#android.intent.category.DEFAULT
ADDED from src/main/AndroidManifest.xml:80:5-64
	android:name
		ADDED from src/main/AndroidManifest.xml:80:15-61
activity#com.matthewmitchell.peercoin_android_wallet.ui.send.SendCoinsActivity
ADDED from src/main/AndroidManifest.xml:84:3-148:14
	android:screenOrientation
		ADDED from src/main/AndroidManifest.xml:88:4-38
	android:label
		ADDED from src/main/AndroidManifest.xml:87:4-53
	android:windowSoftInputMode
		ADDED from src/main/AndroidManifest.xml:89:4-46
	android:configChanges
		ADDED from src/main/AndroidManifest.xml:86:4-51
	android:name
		ADDED from src/main/AndroidManifest.xml:85:4-88
intent-filter#android.intent.action.VIEW+android.intent.category.BROWSABLE+android.intent.category.DEFAULT
ADDED from src/main/AndroidManifest.xml:90:4-126:20
	android:label
		ADDED from src/main/AndroidManifest.xml:90:19-68
action#android.intent.action.VIEW
ADDED from src/main/AndroidManifest.xml:91:5-57
	android:name
		ADDED from src/main/AndroidManifest.xml:91:13-54
category#android.intent.category.BROWSABLE
ADDED from src/main/AndroidManifest.xml:125:5-66
	android:name
		ADDED from src/main/AndroidManifest.xml:125:15-63
intent-filter#android.intent.action.VIEW+android.intent.category.DEFAULT
ADDED from src/main/AndroidManifest.xml:134:4-140:20
	android:label
		ADDED from src/main/AndroidManifest.xml:134:19-68
activity#com.matthewmitchell.peercoin_android_wallet.ui.SendCoinsQrActivity
ADDED from src/main/AndroidManifest.xml:149:3-153:14
	android:configChanges
		ADDED from src/main/AndroidManifest.xml:151:4-51
	android:theme
		ADDED from src/main/AndroidManifest.xml:152:4-63
	android:name
		ADDED from src/main/AndroidManifest.xml:150:4-85
activity#com.matthewmitchell.peercoin_android_wallet.ui.RequestCoinsActivity
ADDED from src/main/AndroidManifest.xml:154:3-159:49
	android:screenOrientation
		ADDED from src/main/AndroidManifest.xml:158:4-38
	android:label
		ADDED from src/main/AndroidManifest.xml:157:4-56
	android:windowSoftInputMode
		ADDED from src/main/AndroidManifest.xml:159:4-46
	android:configChanges
		ADDED from src/main/AndroidManifest.xml:156:4-51
	android:name
		ADDED from src/main/AndroidManifest.xml:155:4-86
activity#com.matthewmitchell.peercoin_android_wallet.ui.AddressBookActivity
ADDED from src/main/AndroidManifest.xml:160:3-164:41
	android:screenOrientation
		ADDED from src/main/AndroidManifest.xml:164:4-38
	android:label
		ADDED from src/main/AndroidManifest.xml:163:4-55
	android:configChanges
		ADDED from src/main/AndroidManifest.xml:162:4-51
	android:name
		ADDED from src/main/AndroidManifest.xml:161:4-85
activity#com.matthewmitchell.peercoin_android_wallet.ui.ExchangeRatesActivity
ADDED from src/main/AndroidManifest.xml:165:3-169:41
	android:screenOrientation
		ADDED from src/main/AndroidManifest.xml:169:4-38
	android:label
		ADDED from src/main/AndroidManifest.xml:168:4-57
	android:configChanges
		ADDED from src/main/AndroidManifest.xml:167:4-51
	android:name
		ADDED from src/main/AndroidManifest.xml:166:4-87
activity#com.matthewmitchell.peercoin_android_wallet.ui.NetworkMonitorActivity
ADDED from src/main/AndroidManifest.xml:170:3-174:41
	android:screenOrientation
		ADDED from src/main/AndroidManifest.xml:174:4-38
	android:label
		ADDED from src/main/AndroidManifest.xml:173:4-58
	android:configChanges
		ADDED from src/main/AndroidManifest.xml:172:4-51
	android:name
		ADDED from src/main/AndroidManifest.xml:171:4-88
activity#com.matthewmitchell.peercoin_android_wallet.ui.preference.PreferenceActivity
ADDED from src/main/AndroidManifest.xml:175:3-178:41
	android:screenOrientation
		ADDED from src/main/AndroidManifest.xml:178:4-38
	android:label
		ADDED from src/main/AndroidManifest.xml:177:4-54
	android:name
		ADDED from src/main/AndroidManifest.xml:176:4-95
activity#com.matthewmitchell.peercoin_android_wallet.ui.preference.TrustedServersActivity
ADDED from src/main/AndroidManifest.xml:179:9-182:50
	android:screenOrientation
		ADDED from src/main/AndroidManifest.xml:182:13-47
	android:label
		ADDED from src/main/AndroidManifest.xml:181:13-73
	android:name
		ADDED from src/main/AndroidManifest.xml:180:13-108
activity#com.matthewmitchell.peercoin_android_wallet.ui.RestoreWalletActivity
ADDED from src/main/AndroidManifest.xml:183:3-198:14
	android:excludeFromRecents
		ADDED from src/main/AndroidManifest.xml:189:4-37
	android:configChanges
		ADDED from src/main/AndroidManifest.xml:185:4-63
	android:finishOnTaskLaunch
		ADDED from src/main/AndroidManifest.xml:187:4-37
	android:theme
		ADDED from src/main/AndroidManifest.xml:186:4-42
	android:taskAffinity
		ADDED from src/main/AndroidManifest.xml:188:4-95
	android:name
		ADDED from src/main/AndroidManifest.xml:184:4-87
activity#com.matthewmitchell.peercoin_android_wallet.ui.ScanActivity
ADDED from src/main/AndroidManifest.xml:199:3-205:54
	android:screenOrientation
		ADDED from src/main/AndroidManifest.xml:202:4-41
	android:stateNotNeeded
		ADDED from src/main/AndroidManifest.xml:203:4-33
	android:windowSoftInputMode
		ADDED from src/main/AndroidManifest.xml:205:4-51
	android:configChanges
		ADDED from src/main/AndroidManifest.xml:201:4-63
	android:theme
		ADDED from src/main/AndroidManifest.xml:204:4-46
	android:name
		ADDED from src/main/AndroidManifest.xml:200:4-78
provider#com.matthewmitchell.peercoin_android_wallet.AddressBookProvider
ADDED from src/main/AndroidManifest.xml:207:3-210:31
	android:authorities
		ADDED from src/main/AndroidManifest.xml:209:4-82
	android:exported
		ADDED from src/main/AndroidManifest.xml:210:4-28
	android:name
		ADDED from src/main/AndroidManifest.xml:208:4-82
provider#com.matthewmitchell.peercoin_android_wallet.ExchangeRatesProvider
ADDED from src/main/AndroidManifest.xml:211:3-214:31
	android:authorities
		ADDED from src/main/AndroidManifest.xml:213:4-84
	android:exported
		ADDED from src/main/AndroidManifest.xml:214:4-28
	android:name
		ADDED from src/main/AndroidManifest.xml:212:4-84
provider#com.matthewmitchell.peercoin_android_wallet.FileAttachmentProvider
ADDED from src/main/AndroidManifest.xml:215:3-219:41
	android:authorities
		ADDED from src/main/AndroidManifest.xml:217:4-85
	android:grantUriPermissions
		ADDED from src/main/AndroidManifest.xml:219:4-38
	android:exported
		ADDED from src/main/AndroidManifest.xml:218:4-28
	android:name
		ADDED from src/main/AndroidManifest.xml:216:4-85
receiver#com.matthewmitchell.peercoin_android_wallet.WalletBalanceWidgetProvider
ADDED from src/main/AndroidManifest.xml:221:3-231:14
	android:label
		ADDED from src/main/AndroidManifest.xml:223:4-43
	android:name
		ADDED from src/main/AndroidManifest.xml:222:4-90
intent-filter#android.appwidget.action.APPWIDGET_UPDATE
ADDED from src/main/AndroidManifest.xml:224:4-226:20
action#android.appwidget.action.APPWIDGET_UPDATE
ADDED from src/main/AndroidManifest.xml:225:5-72
	android:name
		ADDED from src/main/AndroidManifest.xml:225:13-69
meta-data#android.appwidget.provider
ADDED from src/main/AndroidManifest.xml:228:4-230:53
	android:resource
		ADDED from src/main/AndroidManifest.xml:230:5-50
	android:name
		ADDED from src/main/AndroidManifest.xml:229:5-46
service#com.matthewmitchell.peercoin_android_wallet.service.BlockchainServiceImpl
ADDED from src/main/AndroidManifest.xml:233:3-235:31
	android:exported
		ADDED from src/main/AndroidManifest.xml:235:4-28
	android:name
		ADDED from src/main/AndroidManifest.xml:234:4-92
service#com.matthewmitchell.peercoin_android_wallet.offline.AcceptBluetoothService
ADDED from src/main/AndroidManifest.xml:236:3-238:31
	android:exported
		ADDED from src/main/AndroidManifest.xml:238:4-28
	android:name
		ADDED from src/main/AndroidManifest.xml:237:4-93
receiver#com.matthewmitchell.peercoin_android_wallet.service.AutosyncReceiver
ADDED from src/main/AndroidManifest.xml:240:3-247:14
	android:name
		ADDED from src/main/AndroidManifest.xml:240:13-96
intent-filter#android.intent.action.BOOT_COMPLETED
ADDED from src/main/AndroidManifest.xml:241:4-243:20
action#android.intent.action.BOOT_COMPLETED
ADDED from src/main/AndroidManifest.xml:242:5-67
	android:name
		ADDED from src/main/AndroidManifest.xml:242:13-64
intent-filter#android.intent.action.MY_PACKAGE_REPLACED
ADDED from src/main/AndroidManifest.xml:244:4-246:20
action#android.intent.action.MY_PACKAGE_REPLACED
ADDED from src/main/AndroidManifest.xml:245:5-72
	android:name
		ADDED from src/main/AndroidManifest.xml:245:13-69
service#com.matthewmitchell.peercoin_android_wallet.service.UpgradeWalletService
ADDED from src/main/AndroidManifest.xml:249:3-251:31
	android:exported
		ADDED from src/main/AndroidManifest.xml:251:4-28
	android:name
		ADDED from src/main/AndroidManifest.xml:250:4-91
meta-data#android.nfc.disable_beam_default
ADDED from src/main/AndroidManifest.xml:253:3-255:27
	android:value
		ADDED from src/main/AndroidManifest.xml:255:4-24
	android:name
		ADDED from src/main/AndroidManifest.xml:254:4-51
meta-data#android.support.VERSION
ADDED from [com.android.support:support-v13:26.0.0-alpha1] AndroidManifest.xml:25:5-27:41
MERGED from [com.android.support:support-v4:26.0.0-alpha1] AndroidManifest.xml:25:5-27:41
MERGED from [com.android.support:support-compat:26.0.0-alpha1] AndroidManifest.xml:25:5-27:41
MERGED from [com.android.support:support-media-compat:26.0.0-alpha1] AndroidManifest.xml:25:5-27:41
MERGED from [com.android.support:support-core-utils:26.0.0-alpha1] AndroidManifest.xml:25:5-27:41
MERGED from [com.android.support:support-core-ui:26.0.0-alpha1] AndroidManifest.xml:25:5-27:41
MERGED from [com.android.support:support-fragment:26.0.0-alpha1] AndroidManifest.xml:25:5-27:41
	android:value
		ADDED from [com.android.support:support-v13:26.0.0-alpha1] AndroidManifest.xml:27:9-38
	android:name
		ADDED from [com.android.support:support-v13:26.0.0-alpha1] AndroidManifest.xml:26:9-47